<?xml version="1.0" encoding="UTF-8"?>
<robot generator="Robot 4.1.3 (Python 3.10.2 on win32)" generated="20220309 17:42:56.673" rpa="false" schemaversion="2">
<suite id="s1" name="Tests" source="C:\Users\tobbe\PycharmProjects\Labb2Tobias\Tests">
<suite id="s1-s1" name="Webtest" source="C:\Users\tobbe\PycharmProjects\Labb2Tobias\Tests\webtest.robot">
<kw name="Open Browser To Start Page" type="SETUP">
<kw name="Open Browser" library="SeleniumLibrary">
<arg>about:blank</arg>
<arg>chrome</arg>
<doc>Opens a new browser instance to the optional ``url``.</doc>
<msg timestamp="20220309 17:42:56.885" level="INFO">Opening browser 'chrome' to base url 'about:blank'.</msg>
<status status="PASS" starttime="20220309 17:42:56.885" endtime="20220309 17:42:58.000"/>
</kw>
<kw name="Go To" library="SeleniumLibrary">
<arg>http://rental12.infotiv.net/</arg>
<doc>Navigates the current browser window to the provided ``url``.</doc>
<msg timestamp="20220309 17:42:58.000" level="INFO">Opening url 'http://rental12.infotiv.net/'</msg>
<status status="PASS" starttime="20220309 17:42:58.000" endtime="20220309 17:42:58.198"/>
</kw>
<kw name="Wait Until Page Contains" library="SeleniumLibrary">
<arg>Infotiv Car Rental</arg>
<doc>Waits until ``text`` appears on the current page.</doc>
<status status="PASS" starttime="20220309 17:42:58.198" endtime="20220309 17:42:58.208"/>
</kw>
<status status="PASS" starttime="20220309 17:42:56.884" endtime="20220309 17:42:58.209"/>
</kw>
<test id="s1-s1-t1" name="User Can Press ABOUT From Different Pages">
<kw name="Press ABOUT Button">
<kw name="Click Element" library="SeleniumLibrary">
<arg>//*[@id="about"]</arg>
<doc>Click the element identified by ``locator``.</doc>
<msg timestamp="20220309 17:42:58.210" level="INFO">Clicking element '//*[@id="about"]'.</msg>
<status status="PASS" starttime="20220309 17:42:58.210" endtime="20220309 17:42:58.305"/>
</kw>
<kw name="Wait Until Page Contains" library="SeleniumLibrary">
<arg>Welcome</arg>
<doc>Waits until ``text`` appears on the current page.</doc>
<status status="PASS" starttime="20220309 17:42:58.305" endtime="20220309 17:42:58.316"/>
</kw>
<status status="PASS" starttime="20220309 17:42:58.209" endtime="20220309 17:42:58.316"/>
</kw>
<kw name="End Web Test">
<kw name="Close Browser" library="SeleniumLibrary">
<doc>Closes the current browser.</doc>
<status status="PASS" starttime="20220309 17:42:58.316" endtime="20220309 17:43:00.410"/>
</kw>
<status status="PASS" starttime="20220309 17:42:58.316" endtime="20220309 17:43:00.411"/>
</kw>
<kw name="Open Browser To Start Page">
<kw name="Open Browser" library="SeleniumLibrary">
<arg>about:blank</arg>
<arg>chrome</arg>
<doc>Opens a new browser instance to the optional ``url``.</doc>
<msg timestamp="20220309 17:43:00.414" level="INFO">Opening browser 'chrome' to base url 'about:blank'.</msg>
<status status="PASS" starttime="20220309 17:43:00.413" endtime="20220309 17:43:01.472"/>
</kw>
<kw name="Go To" library="SeleniumLibrary">
<arg>http://rental12.infotiv.net/</arg>
<doc>Navigates the current browser window to the provided ``url``.</doc>
<msg timestamp="20220309 17:43:01.472" level="INFO">Opening url 'http://rental12.infotiv.net/'</msg>
<status status="PASS" starttime="20220309 17:43:01.472" endtime="20220309 17:43:01.667"/>
</kw>
<kw name="Wait Until Page Contains" library="SeleniumLibrary">
<arg>Infotiv Car Rental</arg>
<doc>Waits until ``text`` appears on the current page.</doc>
<status status="PASS" starttime="20220309 17:43:01.667" endtime="20220309 17:43:01.677"/>
</kw>
<status status="PASS" starttime="20220309 17:43:00.412" endtime="20220309 17:43:01.677"/>
</kw>
<kw name="Press Continue Button">
<kw name="Click Element" library="SeleniumLibrary">
<arg>//*[@id="continue"]</arg>
<doc>Click the element identified by ``locator``.</doc>
<msg timestamp="20220309 17:43:01.678" level="INFO">Clicking element '//*[@id="continue"]'.</msg>
<status status="PASS" starttime="20220309 17:43:01.678" endtime="20220309 17:43:02.268"/>
</kw>
<kw name="Wait Until Page Contains" library="SeleniumLibrary">
<arg>What would you like to drive?</arg>
<doc>Waits until ``text`` appears on the current page.</doc>
<status status="PASS" starttime="20220309 17:43:02.268" endtime="20220309 17:43:02.277"/>
</kw>
<status status="PASS" starttime="20220309 17:43:01.677" endtime="20220309 17:43:02.277"/>
</kw>
<kw name="Press ABOUT Button">
<kw name="Click Element" library="SeleniumLibrary">
<arg>//*[@id="about"]</arg>
<doc>Click the element identified by ``locator``.</doc>
<msg timestamp="20220309 17:43:02.278" level="INFO">Clicking element '//*[@id="about"]'.</msg>
<status status="PASS" starttime="20220309 17:43:02.278" endtime="20220309 17:43:02.371"/>
</kw>
<kw name="Wait Until Page Contains" library="SeleniumLibrary">
<arg>Welcome</arg>
<doc>Waits until ``text`` appears on the current page.</doc>
<status status="PASS" starttime="20220309 17:43:02.371" endtime="20220309 17:43:02.380"/>
</kw>
<status status="PASS" starttime="20220309 17:43:02.278" endtime="20220309 17:43:02.380"/>
</kw>
<kw name="End Web Test">
<kw name="Close Browser" library="SeleniumLibrary">
<doc>Closes the current browser.</doc>
<status status="PASS" starttime="20220309 17:43:02.381" endtime="20220309 17:43:04.448"/>
</kw>
<status status="PASS" starttime="20220309 17:43:02.381" endtime="20220309 17:43:04.449"/>
</kw>
<doc>This will test the ability for a user to click on ABOUT while in different pages</doc>
<tag>Test ABOUT Button</tag>
<status status="PASS" starttime="20220309 17:42:58.209" endtime="20220309 17:43:04.450"/>
</test>
<test id="s1-s1-t2" name="Select Date Outside Requirements">
<kw name="Open Browser To Start Page">
<kw name="Open Browser" library="SeleniumLibrary">
<arg>about:blank</arg>
<arg>chrome</arg>
<doc>Opens a new browser instance to the optional ``url``.</doc>
<msg timestamp="20220309 17:43:04.459" level="INFO">Opening browser 'chrome' to base url 'about:blank'.</msg>
<status status="PASS" starttime="20220309 17:43:04.458" endtime="20220309 17:43:05.521"/>
</kw>
<kw name="Go To" library="SeleniumLibrary">
<arg>http://rental12.infotiv.net/</arg>
<doc>Navigates the current browser window to the provided ``url``.</doc>
<msg timestamp="20220309 17:43:05.521" level="INFO">Opening url 'http://rental12.infotiv.net/'</msg>
<status status="PASS" starttime="20220309 17:43:05.521" endtime="20220309 17:43:05.717"/>
</kw>
<kw name="Wait Until Page Contains" library="SeleniumLibrary">
<arg>Infotiv Car Rental</arg>
<doc>Waits until ``text`` appears on the current page.</doc>
<status status="PASS" starttime="20220309 17:43:05.717" endtime="20220309 17:43:05.728"/>
</kw>
<status status="PASS" starttime="20220309 17:43:04.457" endtime="20220309 17:43:05.729"/>
</kw>
<kw name="Input Start Date Outside Limits">
<kw name="Input Text" library="SeleniumLibrary">
<arg>//*[@id="start"]</arg>
<arg>0101</arg>
<doc>Types the given ``text`` into the text field identified by ``locator``.</doc>
<msg timestamp="20220309 17:43:05.730" level="INFO">Typing text '0101' into text field '//*[@id="start"]'.</msg>
<status status="PASS" starttime="20220309 17:43:05.729" endtime="20220309 17:43:05.795"/>
</kw>
<status status="PASS" starttime="20220309 17:43:05.729" endtime="20220309 17:43:05.795"/>
</kw>
<kw name="Press Continue Button To Fail Date">
<kw name="Click Element" library="SeleniumLibrary">
<arg>//*[@id="continue"]</arg>
<doc>Click the element identified by ``locator``.</doc>
<msg timestamp="20220309 17:43:05.796" level="INFO">Clicking element '//*[@id="continue"]'.</msg>
<status status="PASS" starttime="20220309 17:43:05.796" endtime="20220309 17:43:05.847"/>
</kw>
<kw name="Get Location" library="SeleniumLibrary">
<var>${current_url}</var>
<doc>Returns the current browser window URL.</doc>
<msg timestamp="20220309 17:43:05.850" level="INFO">${current_url} = http://rental12.infotiv.net/</msg>
<status status="PASS" starttime="20220309 17:43:05.847" endtime="20220309 17:43:05.850"/>
</kw>
<kw name="Should Not Be Equal" library="BuiltIn">
<arg>current_url</arg>
<arg>http://rental12.infotiv.net/webpage/html/gui/showCars.php</arg>
<doc>Fails if the given objects are equal.</doc>
<status status="PASS" starttime="20220309 17:43:05.850" endtime="20220309 17:43:05.851"/>
</kw>
<status status="PASS" starttime="20220309 17:43:05.795" endtime="20220309 17:43:05.851"/>
</kw>
<kw name="End Web Test">
<kw name="Close Browser" library="SeleniumLibrary">
<doc>Closes the current browser.</doc>
<status status="PASS" starttime="20220309 17:43:05.851" endtime="20220309 17:43:07.917"/>
</kw>
<status status="PASS" starttime="20220309 17:43:05.851" endtime="20220309 17:43:07.917"/>
</kw>
<doc>This will test the date selection, that it doesnt accept dates outside REQ</doc>
<tag>Select Date</tag>
<status status="PASS" starttime="20220309 17:43:04.454" endtime="20220309 17:43:07.918"/>
</test>
<test id="s1-s1-t3" name="VG_test">
<kw name="Open Browser To Start Page">
<kw name="Open Browser" library="SeleniumLibrary">
<arg>about:blank</arg>
<arg>chrome</arg>
<doc>Opens a new browser instance to the optional ``url``.</doc>
<msg timestamp="20220309 17:43:07.920" level="INFO">Opening browser 'chrome' to base url 'about:blank'.</msg>
<status status="PASS" starttime="20220309 17:43:07.919" endtime="20220309 17:43:08.915"/>
</kw>
<kw name="Go To" library="SeleniumLibrary">
<arg>http://rental12.infotiv.net/</arg>
<doc>Navigates the current browser window to the provided ``url``.</doc>
<msg timestamp="20220309 17:43:08.915" level="INFO">Opening url 'http://rental12.infotiv.net/'</msg>
<status status="PASS" starttime="20220309 17:43:08.915" endtime="20220309 17:43:09.109"/>
</kw>
<kw name="Wait Until Page Contains" library="SeleniumLibrary">
<arg>Infotiv Car Rental</arg>
<doc>Waits until ``text`` appears on the current page.</doc>
<status status="PASS" starttime="20220309 17:43:09.109" endtime="20220309 17:43:09.120"/>
</kw>
<status status="PASS" starttime="20220309 17:43:07.919" endtime="20220309 17:43:09.120"/>
</kw>
<kw name="Given Login To Page With Correct Info">
<kw name="Input Text" library="SeleniumLibrary">
<arg>//*[@id="email"]</arg>
<arg>test@iths.se</arg>
<doc>Types the given ``text`` into the text field identified by ``locator``.</doc>
<msg timestamp="20220309 17:43:09.121" level="INFO">Typing text 'test@iths.se' into text field '//*[@id="email"]'.</msg>
<status status="PASS" starttime="20220309 17:43:09.120" endtime="20220309 17:43:09.189"/>
</kw>
<kw name="Input Password" library="SeleniumLibrary">
<arg>//*[@id="password"]</arg>
<arg>apa123</arg>
<doc>Types the given password into the text field identified by ``locator``.</doc>
<msg timestamp="20220309 17:43:09.189" level="INFO">Typing password into text field '//*[@id="password"]'.</msg>
<msg timestamp="20220309 17:43:09.220" level="INFO">Temporally setting log level to: NONE</msg>
<msg timestamp="20220309 17:43:09.249" level="INFO">Log level changed from NONE to INFO.</msg>
<status status="PASS" starttime="20220309 17:43:09.189" endtime="20220309 17:43:09.249"/>
</kw>
<kw name="Click Element" library="SeleniumLibrary">
<arg>//*[@id="login"]</arg>
<doc>Click the element identified by ``locator``.</doc>
<msg timestamp="20220309 17:43:09.249" level="INFO">Clicking element '//*[@id="login"]'.</msg>
<status status="PASS" starttime="20220309 17:43:09.249" endtime="20220309 17:43:09.504"/>
</kw>
<kw name="Wait Until Page Contains" library="SeleniumLibrary">
<arg>You are signed in as Tobias</arg>
<doc>Waits until ``text`` appears on the current page.</doc>
<status status="PASS" starttime="20220309 17:43:09.505" endtime="20220309 17:43:09.513"/>
</kw>
<status status="PASS" starttime="20220309 17:43:09.120" endtime="20220309 17:43:09.513"/>
</kw>
<kw name="And Press Continue Button">
<kw name="Click Element" library="SeleniumLibrary">
<arg>//*[@id="continue"]</arg>
<doc>Click the element identified by ``locator``.</doc>
<msg timestamp="20220309 17:43:09.514" level="INFO">Clicking element '//*[@id="continue"]'.</msg>
<status status="PASS" starttime="20220309 17:43:09.514" endtime="20220309 17:43:10.258"/>
</kw>
<kw name="Wait Until Page Contains" library="SeleniumLibrary">
<arg>What would you like to drive?</arg>
<doc>Waits until ``text`` appears on the current page.</doc>
<status status="PASS" starttime="20220309 17:43:10.258" endtime="20220309 17:43:10.279"/>
</kw>
<status status="PASS" starttime="20220309 17:43:09.514" endtime="20220309 17:43:10.279"/>
</kw>
<kw name="And Press First Book Button">
<kw name="Click Element" library="SeleniumLibrary">
<arg>//*[@id="bookQ7pass5"]</arg>
<doc>Click the element identified by ``locator``.</doc>
<msg timestamp="20220309 17:43:10.280" level="INFO">Clicking element '//*[@id="bookQ7pass5"]'.</msg>
<status status="PASS" starttime="20220309 17:43:10.280" endtime="20220309 17:43:10.495"/>
</kw>
<kw name="Wait Until Page Contains" library="SeleniumLibrary">
<arg>Confirm booking of Audi Q7</arg>
<doc>Waits until ``text`` appears on the current page.</doc>
<status status="PASS" starttime="20220309 17:43:10.496" endtime="20220309 17:43:10.510"/>
</kw>
<status status="PASS" starttime="20220309 17:43:10.280" endtime="20220309 17:43:10.511"/>
</kw>
<kw name="And Add Card Info And Confirm">
<kw name="Input Text" library="SeleniumLibrary">
<arg>//*[@id="cardNum"]</arg>
<arg>1234567891011120</arg>
<doc>Types the given ``text`` into the text field identified by ``locator``.</doc>
<msg timestamp="20220309 17:43:10.512" level="INFO">Typing text '1234567891011120' into text field '//*[@id="cardNum"]'.</msg>
<status status="PASS" starttime="20220309 17:43:10.511" endtime="20220309 17:43:10.582"/>
</kw>
<kw name="Input Text" library="SeleniumLibrary">
<arg>//*[@id="fullName"]</arg>
<arg>Tobias</arg>
<doc>Types the given ``text`` into the text field identified by ``locator``.</doc>
<msg timestamp="20220309 17:43:10.582" level="INFO">Typing text 'Tobias' into text field '//*[@id="fullName"]'.</msg>
<status status="PASS" starttime="20220309 17:43:10.582" endtime="20220309 17:43:10.638"/>
</kw>
<kw name="Input Text" library="SeleniumLibrary">
<arg>//*[@id="cvc"]</arg>
<arg>123</arg>
<doc>Types the given ``text`` into the text field identified by ``locator``.</doc>
<msg timestamp="20220309 17:43:10.638" level="INFO">Typing text '123' into text field '//*[@id="cvc"]'.</msg>
<status status="PASS" starttime="20220309 17:43:10.638" endtime="20220309 17:43:10.695"/>
</kw>
<kw name="Click Element" library="SeleniumLibrary">
<arg>//*[@id="confirm"]</arg>
<doc>Click the element identified by ``locator``.</doc>
<msg timestamp="20220309 17:43:10.695" level="INFO">Clicking element '//*[@id="confirm"]'.</msg>
<status status="PASS" starttime="20220309 17:43:10.695" endtime="20220309 17:43:10.818"/>
</kw>
<kw name="Wait Until Page Contains" library="SeleniumLibrary">
<arg>A Audi Q7 is now ready for pickup</arg>
<doc>Waits until ``text`` appears on the current page.</doc>
<status status="PASS" starttime="20220309 17:43:10.818" endtime="20220309 17:43:10.828"/>
</kw>
<status status="PASS" starttime="20220309 17:43:10.511" endtime="20220309 17:43:10.828"/>
</kw>
<kw name="And Press My Page">
<kw name="Click Element" library="SeleniumLibrary">
<arg>//*[@id="mypage"]</arg>
<doc>Click the element identified by ``locator``.</doc>
<msg timestamp="20220309 17:43:10.829" level="INFO">Clicking element '//*[@id="mypage"]'.</msg>
<status status="PASS" starttime="20220309 17:43:10.829" endtime="20220309 17:43:10.919"/>
</kw>
<kw name="Wait Until Page Contains" library="SeleniumLibrary">
<arg>My bookings</arg>
<doc>Waits until ``text`` appears on the current page.</doc>
<status status="PASS" starttime="20220309 17:43:10.919" endtime="20220309 17:43:10.927"/>
</kw>
<status status="PASS" starttime="20220309 17:43:10.829" endtime="20220309 17:43:10.928"/>
</kw>
<kw name="And Press Cancel Booking And Confirm Alert">
<kw name="Element Should Be Visible" library="SeleniumLibrary">
<arg>//*[@id="unBook1"]</arg>
<doc>Verifies that the element identified by ``locator`` is visible.</doc>
<msg timestamp="20220309 17:43:10.950" level="INFO">Element '//*[@id="unBook1"]' is displayed.</msg>
<status status="PASS" starttime="20220309 17:43:10.928" endtime="20220309 17:43:10.950"/>
</kw>
<kw name="Click Element" library="SeleniumLibrary">
<arg>//*[@id="unBook1"]</arg>
<doc>Click the element identified by ``locator``.</doc>
<msg timestamp="20220309 17:43:10.950" level="INFO">Clicking element '//*[@id="unBook1"]'.</msg>
<status status="PASS" starttime="20220309 17:43:10.950" endtime="20220309 17:43:10.979"/>
</kw>
<kw name="Alert Should Be Present" library="SeleniumLibrary">
<doc>Verifies that an alert is present and by default, accepts it.</doc>
<msg timestamp="20220309 17:43:10.979" level="INFO">HANDLE::&lt;class 'NoneType'&gt;::None</msg>
<status status="PASS" starttime="20220309 17:43:10.979" endtime="20220309 17:43:10.982"/>
</kw>
<kw name="Wait Until Page Contains" library="SeleniumLibrary">
<arg>has been Returned</arg>
<doc>Waits until ``text`` appears on the current page.</doc>
<status status="PASS" starttime="20220309 17:43:10.982" endtime="20220309 17:43:11.056"/>
</kw>
<status status="PASS" starttime="20220309 17:43:10.928" endtime="20220309 17:43:11.057"/>
</kw>
<kw name="Then Page Should Contain" library="SeleniumLibrary">
<arg>has been Returned</arg>
<doc>Verifies that current page contains ``text``.</doc>
<msg timestamp="20220309 17:43:11.064" level="INFO">Current page contains text 'has been Returned'.</msg>
<status status="PASS" starttime="20220309 17:43:11.057" endtime="20220309 17:43:11.064"/>
</kw>
<kw name="End Web Test">
<kw name="Close Browser" library="SeleniumLibrary">
<doc>Closes the current browser.</doc>
<status status="PASS" starttime="20220309 17:43:11.065" endtime="20220309 17:43:13.155"/>
</kw>
<status status="PASS" starttime="20220309 17:43:11.064" endtime="20220309 17:43:13.156"/>
</kw>
<doc>This test will go from start to login and booking a car and removing it from booking list</doc>
<tag>VG_test</tag>
<status status="PASS" starttime="20220309 17:43:07.919" endtime="20220309 17:43:13.158"/>
</test>
<doc>Lab with test cases</doc>
<status status="PASS" starttime="20220309 17:42:56.698" endtime="20220309 17:43:13.163"/>
</suite>
<status status="PASS" starttime="20220309 17:42:56.674" endtime="20220309 17:43:13.171"/>
</suite>
<statistics>
<total>
<stat pass="3" fail="0" skip="0">All Tests</stat>
</total>
<tag>
<stat pass="1" fail="0" skip="0">Select Date</stat>
<stat pass="1" fail="0" skip="0">Test ABOUT Button</stat>
<stat pass="1" fail="0" skip="0">VG_test</stat>
</tag>
<suite>
<stat pass="3" fail="0" skip="0" id="s1" name="Tests">Tests</stat>
<stat pass="3" fail="0" skip="0" id="s1-s1" name="Webtest">Tests.Webtest</stat>
</suite>
</statistics>
<errors>
</errors>
</robot>
